# JRE version: Java(TM) SE Runtime Environment (7.0_55-b13) (build 1.7.0_55-b13)
# Java VM: Java HotSpot(TM) 64-Bit Server VM (24.55-b03 mixed mode windows-amd64 compressed oops)
Heap
 PSYoungGen      total 26112K, used 0K [0x00000000ead00000, 0x00000000ecb00000, 0x0000000100000000)
  eden space 20992K, 0% used [0x00000000ead00000,0x00000000ead000c8,0x00000000ec180000)
  from space 5120K, 0% used [0x00000000ec180000,0x00000000ec180000,0x00000000ec680000)
  to   space 4608K, 0% used [0x00000000ec680000,0x00000000ec680000,0x00000000ecb00000)
 ParOldGen       total 693248K, used 15969K [0x00000000c0800000, 0x00000000ead00000, 0x00000000ead00000)
  object space 693248K, 2% used [0x00000000c0800000,0x00000000c1798750,0x00000000ead00000)
 PSPermGen       total 83968K, used 83967K [0x00000000bb600000, 0x00000000c0800000, 0x00000000c0800000)
  object space 83968K, 99% used [0x00000000bb600000,0x00000000c07ffe70,0x00000000c0800000)
GC Heap History (10 events):
Event: 869.095 GC heap before
{Heap before GC invocations=55 (full 12):
 PSYoungGen      total 26112K, used 64K [0x00000000ead00000, 0x00000000ecb80000, 0x0000000100000000)
  eden space 20480K, 0% used [0x00000000ead00000,0x00000000ead00000,0x00000000ec100000)
  from space 5632K, 1% used [0x00000000ec100000,0x00000000ec110000,0x00000000ec680000)
  to   space 5120K, 0% used [0x00000000ec680000,0x00000000ec680000,0x00000000ecb80000)
 ParOldGen       total 564224K, used 16069K [0x00000000c0800000, 0x00000000e2f00000, 0x00000000ead00000)
  object space 564224K, 2% used [0x00000000c0800000,0x00000000c17b1508,0x00000000e2f00000)
 PSPermGen       total 83968K, used 83967K [0x00000000bb600000, 0x00000000c0800000, 0x00000000c0800000)
  object space 83968K, 99% used [0x00000000bb600000,0x00000000c07fffa0,0x00000000c0800000)
Event: 869.247 GC heap after
Heap after GC invocations=55 (full 12):
 PSYoungGen      total 26112K, used 0K [0x00000000ead00000, 0x00000000ecb80000, 0x0000000100000000)
  eden space 20480K, 0% used [0x00000000ead00000,0x00000000ead00000,0x00000000ec100000)
  from space 5632K, 0% used [0x00000000ec100000,0x00000000ec100000,0x00000000ec680000)
  to   space 5120K, 0% used [0x00000000ec680000,0x00000000ec680000,0x00000000ecb80000)
 ParOldGen       total 683520K, used 15978K [0x00000000c0800000, 0x00000000ea380000, 0x00000000ead00000)
  object space 683520K, 2% used [0x00000000c0800000,0x00000000c179aa48,0x00000000ea380000)
 PSPermGen       total 83968K, used 83872K [0x00000000bb600000, 0x00000000c0800000, 0x00000000c0800000)
  object space 83968K, 99% used [0x00000000bb600000,0x00000000c07e8018,0x00000000c0800000)
}
Event: 869.250 GC heap before
{Heap before GC invocations=56 (full 12):
 PSYoungGen      total 26112K, used 2K [0x00000000ead00000, 0x00000000ecb80000, 0x0000000100000000)
  eden space 20480K, 0% used [0x00000000ead00000,0x00000000ead00870,0x00000000ec100000)
  from space 5632K, 0% used [0x00000000ec100000,0x00000000ec100000,0x00000000ec680000)
  to   space 5120K, 0% used [0x00000000ec680000,0x00000000ec680000,0x00000000ecb80000)
 ParOldGen       total 683520K, used 15978K [0x00000000c0800000, 0x00000000ea380000, 0x00000000ead00000)
  object space 683520K, 2% used [0x00000000c0800000,0x00000000c179aa48,0x00000000ea380000)
 PSPermGen       total 83968K, used 83967K [0x00000000bb600000, 0x00000000c0800000, 0x00000000c0800000)
  object space 83968K, 99% used [0x00000000bb600000,0x00000000c07ffe70,0x00000000c0800000)
Event: 869.252 GC heap after
Heap after GC invocations=56 (full 12):
 PSYoungGen      total 26112K, used 0K [0x00000000ead00000, 0x00000000ecb80000, 0x0000000100000000)
  eden space 20992K, 0% used [0x00000000ead00000,0x00000000ead00000,0x00000000ec180000)
  from space 5120K, 0% used [0x00000000ec680000,0x00000000ec680000,0x00000000ecb80000)
  to   space 5120K, 0% used [0x00000000ec180000,0x00000000ec180000,0x00000000ec680000)
 ParOldGen       total 683520K, used 15978K [0x00000000c0800000, 0x00000000ea380000, 0x00000000ead00000)
  object space 683520K, 2% used [0x00000000c0800000,0x00000000c179aa48,0x00000000ea380000)
 PSPermGen       total 83968K, used 83967K [0x00000000bb600000, 0x00000000c0800000, 0x00000000c0800000)
  object space 83968K, 99% used [0x00000000bb600000,0x00000000c07ffe70,0x00000000c0800000)
}
Event: 869.252 GC heap before
{Heap before GC invocations=57 (full 13):
 PSYoungGen      total 26112K, used 0K [0x00000000ead00000, 0x00000000ecb80000, 0x0000000100000000)
  eden space 20992K, 0% used [0x00000000ead00000,0x00000000ead00000,0x00000000ec180000)
  from space 5120K, 0% used [0x00000000ec680000,0x00000000ec680000,0x00000000ecb80000)
  to   space 5120K, 0% used [0x00000000ec180000,0x00000000ec180000,0x00000000ec680000)
 ParOldGen       total 683520K, used 15978K [0x00000000c0800000, 0x00000000ea380000, 0x00000000ead00000)
  object space 683520K, 2% used [0x00000000c0800000,0x00000000c179aa48,0x00000000ea380000)
 PSPermGen       total 83968K, used 83967K [0x00000000bb600000, 0x00000000c0800000, 0x00000000c0800000)
  object space 83968K, 99% used [0x00000000bb600000,0x00000000c07ffe70,0x00000000c0800000)
Event: 869.405 GC heap after
Heap after GC invocations=57 (full 13):
 PSYoungGen      total 26112K, used 0K [0x00000000ead00000, 0x00000000ecb80000, 0x0000000100000000)
  eden space 20992K, 0% used [0x00000000ead00000,0x00000000ead00000,0x00000000ec180000)
  from space 5120K, 0% used [0x00000000ec680000,0x00000000ec680000,0x00000000ecb80000)
  to   space 5120K, 0% used [0x00000000ec180000,0x00000000ec180000,0x00000000ec680000)
 ParOldGen       total 693248K, used 15969K [0x00000000c0800000, 0x00000000ead00000, 0x00000000ead00000)
  object space 693248K, 2% used [0x00000000c0800000,0x00000000c1798750,0x00000000ead00000)
 PSPermGen       total 83968K, used 83967K [0x00000000bb600000, 0x00000000c0800000, 0x00000000c0800000)
  object space 83968K, 99% used [0x00000000bb600000,0x00000000c07ffe70,0x00000000c0800000)
}
Event: 869.405 GC heap before
{Heap before GC invocations=58 (full 13):
 PSYoungGen      total 26112K, used 0K [0x00000000ead00000, 0x00000000ecb80000, 0x0000000100000000)
  eden space 20992K, 0% used [0x00000000ead00000,0x00000000ead00000,0x00000000ec180000)
  from space 5120K, 0% used [0x00000000ec680000,0x00000000ec680000,0x00000000ecb80000)
  to   space 5120K, 0% used [0x00000000ec180000,0x00000000ec180000,0x00000000ec680000)
 ParOldGen       total 693248K, used 15969K [0x00000000c0800000, 0x00000000ead00000, 0x00000000ead00000)
  object space 693248K, 2% used [0x00000000c0800000,0x00000000c1798750,0x00000000ead00000)
 PSPermGen       total 83968K, used 83967K [0x00000000bb600000, 0x00000000c0800000, 0x00000000c0800000)
  object space 83968K, 99% used [0x00000000bb600000,0x00000000c07ffe70,0x00000000c0800000)
Event: 869.407 GC heap after
Heap after GC invocations=58 (full 13):
 PSYoungGen      total 26112K, used 0K [0x00000000ead00000, 0x00000000ecb00000, 0x0000000100000000)
  eden space 20992K, 0% used [0x00000000ead00000,0x00000000ead00000,0x00000000ec180000)
  from space 5120K, 0% used [0x00000000ec180000,0x00000000ec180000,0x00000000ec680000)
  to   space 4608K, 0% used [0x00000000ec680000,0x00000000ec680000,0x00000000ecb00000)
 ParOldGen       total 693248K, used 15969K [0x00000000c0800000, 0x00000000ead00000, 0x00000000ead00000)
  object space 693248K, 2% used [0x00000000c0800000,0x00000000c1798750,0x00000000ead00000)
 PSPermGen       total 83968K, used 83967K [0x00000000bb600000, 0x00000000c0800000, 0x00000000c0800000)
  object space 83968K, 99% used [0x00000000bb600000,0x00000000c07ffe70,0x00000000c0800000)
}
Event: 869.407 GC heap before
{Heap before GC invocations=59 (full 14):
 PSYoungGen      total 26112K, used 0K [0x00000000ead00000, 0x00000000ecb00000, 0x0000000100000000)
  eden space 20992K, 0% used [0x00000000ead00000,0x00000000ead00000,0x00000000ec180000)
  from space 5120K, 0% used [0x00000000ec180000,0x00000000ec180000,0x00000000ec680000)
  to   space 4608K, 0% used [0x00000000ec680000,0x00000000ec680000,0x00000000ecb00000)
 ParOldGen       total 693248K, used 15969K [0x00000000c0800000, 0x00000000ead00000, 0x00000000ead00000)
  object space 693248K, 2% used [0x00000000c0800000,0x00000000c1798750,0x00000000ead00000)
 PSPermGen       total 83968K, used 83967K [0x00000000bb600000, 0x00000000c0800000, 0x00000000c0800000)
  object space 83968K, 99% used [0x00000000bb600000,0x00000000c07ffe70,0x00000000c0800000)
Event: 869.564 GC heap after
Heap after GC invocations=59 (full 14):
 PSYoungGen      total 26112K, used 0K [0x00000000ead00000, 0x00000000ecb00000, 0x0000000100000000)
  eden space 20992K, 0% used [0x00000000ead00000,0x00000000ead00000,0x00000000ec180000)
  from space 5120K, 0% used [0x00000000ec180000,0x00000000ec180000,0x00000000ec680000)
  to   space 4608K, 0% used [0x00000000ec680000,0x00000000ec680000,0x00000000ecb00000)
 ParOldGen       total 693248K, used 15969K [0x00000000c0800000, 0x00000000ead00000, 0x00000000ead00000)
  object space 693248K, 2% used [0x00000000c0800000,0x00000000c1798750,0x00000000ead00000)
 PSPermGen       total 83968K, used 83967K [0x00000000bb600000, 0x00000000c0800000, 0x00000000c0800000)
  object space 83968K, 99% used [0x00000000bb600000,0x00000000c07ffe70,0x00000000c0800000)
}

